
CommandNotFoundError: Your shell has not been properly configured to use 'conda activate'.
To initialize your shell, run

    $ conda init <SHELL_NAME>

Currently supported shells are:
  - bash
  - fish
  - tcsh
  - xonsh
  - zsh
  - powershell

See 'conda init --help' for more information and options.

IMPORTANT: You may need to close and restart your shell after running 'conda init'.


Traceback (most recent call last):
  File "main.py", line 114, in <module>
    from data_utils import get_train_test_data
  File "/scratch/connectome/dyhan316/ECOG_PILOT/data_utils.py", line 4, in <module>
    from pilotStudy_3p.package.utils import load_data, MyDataset
  File "/scratch/connectome/dyhan316/ECOG_PILOT/pilotStudy_3p/package/utils.py", line 1, in <module>
    import torch
ModuleNotFoundError: No module named 'torch'
Traceback (most recent call last):
  File "main.py", line 114, in <module>
    from data_utils import get_train_test_data
  File "/scratch/connectome/dyhan316/ECOG_PILOT/data_utils.py", line 4, in <module>
    from pilotStudy_3p.package.utils import load_data, MyDataset
  File "/scratch/connectome/dyhan316/ECOG_PILOT/pilotStudy_3p/package/utils.py", line 1, in <module>
    import torch
ModuleNotFoundError: No module named 'torch'
Traceback (most recent call last):
  File "main.py", line 114, in <module>
    from data_utils import get_train_test_data
  File "/scratch/connectome/dyhan316/ECOG_PILOT/data_utils.py", line 4, in <module>
    from pilotStudy_3p.package.utils import load_data, MyDataset
  File "/scratch/connectome/dyhan316/ECOG_PILOT/pilotStudy_3p/package/utils.py", line 1, in <module>
    import torch
ModuleNotFoundError: No module named 'torch'
