raw completed
fixation_denormed completed
fixation_normalized completed
whole_trial_denormed completed
whole_trial_normalized completed
base completed
halfnfft completed
halfoverlap_halfnfft completed
halfoverlap completed
nooverlap_halfnfft completed
nooverlap completed
Running LinearRegression on raw
Running LinearRegression on fixation_denormed
Running LinearRegression on fixation_normalized
Running LinearRegression on whole_trial_denormed
Running LinearRegression on whole_trial_normalized
Running LinearRegression on base
Running LinearRegression on halfnfft
Running LinearRegression on halfoverlap_halfnfft
Running LinearRegression on halfoverlap
Running LinearRegression on nooverlap_halfnfft
Running LinearRegression on nooverlap
Running Ridge on raw
Running Ridge on fixation_denormed
Running Ridge on fixation_normalized
Running Ridge on whole_trial_denormed
Running Ridge on whole_trial_normalized
Running Ridge on base
Running Ridge on halfnfft
Running Ridge on halfoverlap_halfnfft
Running Ridge on halfoverlap
Running Ridge on nooverlap_halfnfft
Running Ridge on nooverlap
Running SVC on raw
Running SVC on fixation_denormed
Running SVC on fixation_normalized
Running SVC on whole_trial_denormed
Running SVC on whole_trial_normalized
Running SVC on base
Running SVC on halfnfft
Running SVC on halfoverlap_halfnfft
Running SVC on halfoverlap
Running SVC on nooverlap_halfnfft
Running SVC on nooverlap
Running LinearSVC on raw
Running LinearSVC on fixation_denormed
Running LinearSVC on fixation_normalized
Running LinearSVC on whole_trial_denormed
Running LinearSVC on whole_trial_normalized
Running LinearSVC on base
Running LinearSVC on halfnfft
Running LinearSVC on halfoverlap_halfnfft
Running LinearSVC on halfoverlap
Running LinearSVC on nooverlap_halfnfft
Running LinearSVC on nooverlap
Running NuSVC on raw
Running NuSVC on fixation_denormed
Running NuSVC on fixation_normalized
Running NuSVC on whole_trial_denormed
Running NuSVC on whole_trial_normalized
Running NuSVC on base
Running NuSVC on halfnfft
Running NuSVC on halfoverlap_halfnfft
Running NuSVC on halfoverlap
Running NuSVC on nooverlap_halfnfft
Running NuSVC on nooverlap
Running RandomForestClassifier on raw
Running RandomForestClassifier on fixation_denormed
Running RandomForestClassifier on fixation_normalized
Running RandomForestClassifier on whole_trial_denormed
Running RandomForestClassifier on whole_trial_normalized
Running RandomForestClassifier on base
Running RandomForestClassifier on halfnfft
Running RandomForestClassifier on halfoverlap_halfnfft
Running RandomForestClassifier on halfoverlap
Running RandomForestClassifier on nooverlap_halfnfft
Running RandomForestClassifier on nooverlap
Running RandomForestClassifier_1000trees on raw
Running RandomForestClassifier_1000trees on fixation_denormed
Running RandomForestClassifier_1000trees on fixation_normalized
Running RandomForestClassifier_1000trees on whole_trial_denormed
Running RandomForestClassifier_1000trees on whole_trial_normalized
Running RandomForestClassifier_1000trees on base
Running RandomForestClassifier_1000trees on halfnfft
Running RandomForestClassifier_1000trees on halfoverlap_halfnfft
Running RandomForestClassifier_1000trees on halfoverlap
Running RandomForestClassifier_1000trees on nooverlap_halfnfft
Running RandomForestClassifier_1000trees on nooverlap
Running DecisionTreeClassifier on raw
Running DecisionTreeClassifier on fixation_denormed
Running DecisionTreeClassifier on fixation_normalized
Running DecisionTreeClassifier on whole_trial_denormed
Running DecisionTreeClassifier on whole_trial_normalized
Running DecisionTreeClassifier on base
Running DecisionTreeClassifier on halfnfft
Running DecisionTreeClassifier on halfoverlap_halfnfft
Running DecisionTreeClassifier on halfoverlap
Running DecisionTreeClassifier on nooverlap_halfnfft
Running DecisionTreeClassifier on nooverlap
Running KNeighborsClassifier on raw
Running KNeighborsClassifier on fixation_denormed
Running KNeighborsClassifier on fixation_normalized
Running KNeighborsClassifier on whole_trial_denormed
Running KNeighborsClassifier on whole_trial_normalized
Running KNeighborsClassifier on base
Running KNeighborsClassifier on halfnfft
Running KNeighborsClassifier on halfoverlap_halfnfft
Running KNeighborsClassifier on halfoverlap
Running KNeighborsClassifier on nooverlap_halfnfft
Running KNeighborsClassifier on nooverlap
Running GradientBoostingClassifier on raw
Running GradientBoostingClassifier on fixation_denormed
Running GradientBoostingClassifier on fixation_normalized
Running GradientBoostingClassifier on whole_trial_denormed
Running GradientBoostingClassifier on whole_trial_normalized
Running GradientBoostingClassifier on base
Running GradientBoostingClassifier on halfnfft
Running GradientBoostingClassifier on halfoverlap_halfnfft
Running GradientBoostingClassifier on halfoverlap
Running GradientBoostingClassifier on nooverlap_halfnfft
Running GradientBoostingClassifier on nooverlap
Running GaussianMixture on raw
Running GaussianMixture on fixation_denormed
Running GaussianMixture on fixation_normalized
Running GaussianMixture on whole_trial_denormed
Running GaussianMixture on whole_trial_normalized
Running GaussianMixture on base
Running GaussianMixture on halfnfft
Running GaussianMixture on halfoverlap_halfnfft
Running GaussianMixture on halfoverlap
Running GaussianMixture on nooverlap_halfnfft
Running GaussianMixture on nooverlap
Running BayesianGaussianMixture on raw
Running BayesianGaussianMixture on fixation_denormed
Running BayesianGaussianMixture on fixation_normalized
Running BayesianGaussianMixture on whole_trial_denormed
Running BayesianGaussianMixture on whole_trial_normalized
Running BayesianGaussianMixture on base
Running BayesianGaussianMixture on halfnfft
Running BayesianGaussianMixture on halfoverlap_halfnfft
Running BayesianGaussianMixture on halfoverlap
Running BayesianGaussianMixture on nooverlap_halfnfft
Running BayesianGaussianMixture on nooverlap
Running ElasticNet on raw
Running ElasticNet on fixation_denormed
Running ElasticNet on fixation_normalized
Running ElasticNet on whole_trial_denormed
Running ElasticNet on whole_trial_normalized
Running ElasticNet on base
Running ElasticNet on halfnfft
Running ElasticNet on halfoverlap_halfnfft
Running ElasticNet on halfoverlap
Running ElasticNet on nooverlap_halfnfft
Running ElasticNet on nooverlap
Running MLP32 on raw
Running MLP32 on fixation_denormed
Running MLP32 on fixation_normalized
Running MLP32 on whole_trial_denormed
Running MLP32 on whole_trial_normalized
Running MLP32 on base
Running MLP32 on halfnfft
Running MLP32 on halfoverlap_halfnfft
Running MLP32 on halfoverlap
Running MLP32 on nooverlap_halfnfft
Running MLP32 on nooverlap
Running MLP64 on raw
Running MLP64 on fixation_denormed
Running MLP64 on fixation_normalized
Running MLP64 on whole_trial_denormed
Running MLP64 on whole_trial_normalized
Running MLP64 on base
Running MLP64 on halfnfft
Running MLP64 on halfoverlap_halfnfft
Running MLP64 on halfoverlap
Running MLP64 on nooverlap_halfnfft
Running MLP64 on nooverlap
Running MLP128 on raw
Running MLP128 on fixation_denormed
Running MLP128 on fixation_normalized
Running MLP128 on whole_trial_denormed
Running MLP128 on whole_trial_normalized
Running MLP128 on base
Running MLP128 on halfnfft
Running MLP128 on halfoverlap_halfnfft
Running MLP128 on halfoverlap
Running MLP128 on nooverlap_halfnfft
Running MLP128 on nooverlap
Running MLP256 on raw
Running MLP256 on fixation_denormed
Running MLP256 on fixation_normalized
Running MLP256 on whole_trial_denormed
Running MLP256 on whole_trial_normalized
Running MLP256 on base
Running MLP256 on halfnfft
Running MLP256 on halfoverlap_halfnfft
Running MLP256 on halfoverlap
Running MLP256 on nooverlap_halfnfft
Running MLP256 on nooverlap
Running MLP512 on raw
Running MLP512 on fixation_denormed
Running MLP512 on fixation_normalized
Running MLP512 on whole_trial_denormed
Running MLP512 on whole_trial_normalized
Running MLP512 on base
Running MLP512 on halfnfft
Running MLP512 on halfoverlap_halfnfft
Running MLP512 on halfoverlap
Running MLP512 on nooverlap_halfnfft
Running MLP512 on nooverlap
Running MLP128-128 on raw
Running MLP128-128 on fixation_denormed
Running MLP128-128 on fixation_normalized
Running MLP128-128 on whole_trial_denormed
Running MLP128-128 on whole_trial_normalized
Running MLP128-128 on base
Running MLP128-128 on halfnfft
Running MLP128-128 on halfoverlap_halfnfft
Running MLP128-128 on halfoverlap
Running MLP128-128 on nooverlap_halfnfft
Running MLP128-128 on nooverlap
            model_name  ... balanced_accuracy
0     LinearRegression  ...          0.485714
1     LinearRegression  ...          0.485714
2     LinearRegression  ...          0.485714
3     LinearRegression  ...          0.485714
4     LinearRegression  ...          0.485714
...                ...  ...               ...
1040        MLP128-128  ...          0.438095
1041        MLP128-128  ...          0.438095
1042        MLP128-128  ...          0.438095
1043        MLP128-128  ...          0.438095
1044        MLP128-128  ...          0.438095

[1045 rows x 6 columns]
raw completed
fixation_denormed completed
fixation_normalized completed
whole_trial_denormed completed
whole_trial_normalized completed
base completed
halfnfft completed
halfoverlap_halfnfft completed
halfoverlap completed
nooverlap_halfnfft completed
nooverlap completed
Running LinearRegression on raw
Running LinearRegression on fixation_denormed
Running LinearRegression on fixation_normalized
Running LinearRegression on whole_trial_denormed
Running LinearRegression on whole_trial_normalized
Running LinearRegression on base
Running LinearRegression on halfnfft
Running LinearRegression on halfoverlap_halfnfft
Running LinearRegression on halfoverlap
Running LinearRegression on nooverlap_halfnfft
Running LinearRegression on nooverlap
Running Ridge on raw
Running Ridge on fixation_denormed
Running Ridge on fixation_normalized
Running Ridge on whole_trial_denormed
Running Ridge on whole_trial_normalized
Running Ridge on base
Running Ridge on halfnfft
Running Ridge on halfoverlap_halfnfft
Running Ridge on halfoverlap
Running Ridge on nooverlap_halfnfft
Running Ridge on nooverlap
Running SVC on raw
Running SVC on fixation_denormed
Running SVC on fixation_normalized
Running SVC on whole_trial_denormed
Running SVC on whole_trial_normalized
Running SVC on base
Running SVC on halfnfft
Running SVC on halfoverlap_halfnfft
Running SVC on halfoverlap
Running SVC on nooverlap_halfnfft
Running SVC on nooverlap
Running LinearSVC on raw
Running LinearSVC on fixation_denormed
Running LinearSVC on fixation_normalized
Running LinearSVC on whole_trial_denormed
Running LinearSVC on whole_trial_normalized
Running LinearSVC on base
Running LinearSVC on halfnfft
Running LinearSVC on halfoverlap_halfnfft
Running LinearSVC on halfoverlap
Running LinearSVC on nooverlap_halfnfft
Running LinearSVC on nooverlap
Running NuSVC on raw
Running NuSVC on fixation_denormed
Running NuSVC on fixation_normalized
Running NuSVC on whole_trial_denormed
Running NuSVC on whole_trial_normalized
Running NuSVC on base
Running NuSVC on halfnfft
Running NuSVC on halfoverlap_halfnfft
Running NuSVC on halfoverlap
Running NuSVC on nooverlap_halfnfft
Running NuSVC on nooverlap
Running RandomForestClassifier on raw
Running RandomForestClassifier on fixation_denormed
Running RandomForestClassifier on fixation_normalized
Running RandomForestClassifier on whole_trial_denormed
Running RandomForestClassifier on whole_trial_normalized
Running RandomForestClassifier on base
Running RandomForestClassifier on halfnfft
Running RandomForestClassifier on halfoverlap_halfnfft
Running RandomForestClassifier on halfoverlap
Running RandomForestClassifier on nooverlap_halfnfft
Running RandomForestClassifier on nooverlap
Running RandomForestClassifier_1000trees on raw
Running RandomForestClassifier_1000trees on fixation_denormed
Running RandomForestClassifier_1000trees on fixation_normalized
Running RandomForestClassifier_1000trees on whole_trial_denormed
Running RandomForestClassifier_1000trees on whole_trial_normalized
Running RandomForestClassifier_1000trees on base
Running RandomForestClassifier_1000trees on halfnfft
Running RandomForestClassifier_1000trees on halfoverlap_halfnfft
Running RandomForestClassifier_1000trees on halfoverlap
Running RandomForestClassifier_1000trees on nooverlap_halfnfft
Running RandomForestClassifier_1000trees on nooverlap
Running DecisionTreeClassifier on raw
Running DecisionTreeClassifier on fixation_denormed
Running DecisionTreeClassifier on fixation_normalized
Running DecisionTreeClassifier on whole_trial_denormed
Running DecisionTreeClassifier on whole_trial_normalized
Running DecisionTreeClassifier on base
Running DecisionTreeClassifier on halfnfft
Running DecisionTreeClassifier on halfoverlap_halfnfft
Running DecisionTreeClassifier on halfoverlap
Running DecisionTreeClassifier on nooverlap_halfnfft
Running DecisionTreeClassifier on nooverlap
Running KNeighborsClassifier on raw
Running KNeighborsClassifier on fixation_denormed
Running KNeighborsClassifier on fixation_normalized
Running KNeighborsClassifier on whole_trial_denormed
Running KNeighborsClassifier on whole_trial_normalized
Running KNeighborsClassifier on base
Running KNeighborsClassifier on halfnfft
Running KNeighborsClassifier on halfoverlap_halfnfft
Running KNeighborsClassifier on halfoverlap
Running KNeighborsClassifier on nooverlap_halfnfft
Running KNeighborsClassifier on nooverlap
Running GradientBoostingClassifier on raw
Running GradientBoostingClassifier on fixation_denormed
Running GradientBoostingClassifier on fixation_normalized
Running GradientBoostingClassifier on whole_trial_denormed
Running GradientBoostingClassifier on whole_trial_normalized
Running GradientBoostingClassifier on base
Running GradientBoostingClassifier on halfnfft
Running GradientBoostingClassifier on halfoverlap_halfnfft
Running GradientBoostingClassifier on halfoverlap
Running GradientBoostingClassifier on nooverlap_halfnfft
Running GradientBoostingClassifier on nooverlap
Running GaussianMixture on raw
Running GaussianMixture on fixation_denormed
Running GaussianMixture on fixation_normalized
Running GaussianMixture on whole_trial_denormed
Running GaussianMixture on whole_trial_normalized
Running GaussianMixture on base
Running GaussianMixture on halfnfft
Running GaussianMixture on halfoverlap_halfnfft
Running GaussianMixture on halfoverlap
Running GaussianMixture on nooverlap_halfnfft
Running GaussianMixture on nooverlap
Running BayesianGaussianMixture on raw
Running BayesianGaussianMixture on fixation_denormed
Running BayesianGaussianMixture on fixation_normalized
Running BayesianGaussianMixture on whole_trial_denormed
Running BayesianGaussianMixture on whole_trial_normalized
Running BayesianGaussianMixture on base
Running BayesianGaussianMixture on halfnfft
Running BayesianGaussianMixture on halfoverlap_halfnfft
Running BayesianGaussianMixture on halfoverlap
Running BayesianGaussianMixture on nooverlap_halfnfft
Running BayesianGaussianMixture on nooverlap
Running ElasticNet on raw
Running ElasticNet on fixation_denormed
Running ElasticNet on fixation_normalized
Running ElasticNet on whole_trial_denormed
Running ElasticNet on whole_trial_normalized
Running ElasticNet on base
Running ElasticNet on halfnfft
Running ElasticNet on halfoverlap_halfnfft
Running ElasticNet on halfoverlap
Running ElasticNet on nooverlap_halfnfft
Running ElasticNet on nooverlap
Running MLP32 on raw
Running MLP32 on fixation_denormed
Running MLP32 on fixation_normalized
Running MLP32 on whole_trial_denormed
Running MLP32 on whole_trial_normalized
Running MLP32 on base
Running MLP32 on halfnfft
Running MLP32 on halfoverlap_halfnfft
Running MLP32 on halfoverlap
Running MLP32 on nooverlap_halfnfft
Running MLP32 on nooverlap
Running MLP64 on raw
Running MLP64 on fixation_denormed
Running MLP64 on fixation_normalized
Running MLP64 on whole_trial_denormed
Running MLP64 on whole_trial_normalized
Running MLP64 on base
Running MLP64 on halfnfft
Running MLP64 on halfoverlap_halfnfft
Running MLP64 on halfoverlap
Running MLP64 on nooverlap_halfnfft
Running MLP64 on nooverlap
Running MLP128 on raw
Running MLP128 on fixation_denormed
Running MLP128 on fixation_normalized
Running MLP128 on whole_trial_denormed
Running MLP128 on whole_trial_normalized
Running MLP128 on base
Running MLP128 on halfnfft
Running MLP128 on halfoverlap_halfnfft
Running MLP128 on halfoverlap
Running MLP128 on nooverlap_halfnfft
Running MLP128 on nooverlap
Running MLP256 on raw
Running MLP256 on fixation_denormed
Running MLP256 on fixation_normalized
Running MLP256 on whole_trial_denormed
Running MLP256 on whole_trial_normalized
Running MLP256 on base
Running MLP256 on halfnfft
Running MLP256 on halfoverlap_halfnfft
Running MLP256 on halfoverlap
Running MLP256 on nooverlap_halfnfft
Running MLP256 on nooverlap
Running MLP512 on raw
Running MLP512 on fixation_denormed
Running MLP512 on fixation_normalized
Running MLP512 on whole_trial_denormed
Running MLP512 on whole_trial_normalized
Running MLP512 on base
Running MLP512 on halfnfft
Running MLP512 on halfoverlap_halfnfft
Running MLP512 on halfoverlap
Running MLP512 on nooverlap_halfnfft
Running MLP512 on nooverlap
Running MLP128-128 on raw
Running MLP128-128 on fixation_denormed
Running MLP128-128 on fixation_normalized
Running MLP128-128 on whole_trial_denormed
Running MLP128-128 on whole_trial_normalized
Running MLP128-128 on base
Running MLP128-128 on halfnfft
Running MLP128-128 on halfoverlap_halfnfft
Running MLP128-128 on halfoverlap
Running MLP128-128 on nooverlap_halfnfft
Running MLP128-128 on nooverlap
            model_name  ... balanced_accuracy
0     LinearRegression  ...          0.527864
1     LinearRegression  ...          0.527864
2     LinearRegression  ...          0.527864
3     LinearRegression  ...          0.527864
4     LinearRegression  ...          0.527864
...                ...  ...               ...
1040        MLP128-128  ...          0.452012
1041        MLP128-128  ...          0.452012
1042        MLP128-128  ...          0.452012
1043        MLP128-128  ...          0.452012
1044        MLP128-128  ...          0.452012

[1045 rows x 6 columns]
raw completed
fixation_denormed completed
fixation_normalized completed
whole_trial_denormed completed
whole_trial_normalized completed
base completed
halfnfft completed
halfoverlap_halfnfft completed
halfoverlap completed
nooverlap_halfnfft completed
nooverlap completed
Running LinearRegression on raw
Running LinearRegression on fixation_denormed
Running LinearRegression on fixation_normalized
Running LinearRegression on whole_trial_denormed
Running LinearRegression on whole_trial_normalized
Running LinearRegression on base
Running LinearRegression on halfnfft
Running LinearRegression on halfoverlap_halfnfft
Running LinearRegression on halfoverlap
Running LinearRegression on nooverlap_halfnfft
Running LinearRegression on nooverlap
Running Ridge on raw
Running Ridge on fixation_denormed
Running Ridge on fixation_normalized
Running Ridge on whole_trial_denormed
Running Ridge on whole_trial_normalized
Running Ridge on base
Running Ridge on halfnfft
Running Ridge on halfoverlap_halfnfft
Running Ridge on halfoverlap
Running Ridge on nooverlap_halfnfft
Running Ridge on nooverlap
Running SVC on raw
Running SVC on fixation_denormed
Running SVC on fixation_normalized
Running SVC on whole_trial_denormed
Running SVC on whole_trial_normalized
Running SVC on base
Running SVC on halfnfft
Running SVC on halfoverlap_halfnfft
Running SVC on halfoverlap
Running SVC on nooverlap_halfnfft
Running SVC on nooverlap
Running LinearSVC on raw
Running LinearSVC on fixation_denormed
Running LinearSVC on fixation_normalized
Running LinearSVC on whole_trial_denormed
Running LinearSVC on whole_trial_normalized
Running LinearSVC on base
Running LinearSVC on halfnfft
Running LinearSVC on halfoverlap_halfnfft
Running LinearSVC on halfoverlap
Running LinearSVC on nooverlap_halfnfft
Running LinearSVC on nooverlap
Running NuSVC on raw
Running NuSVC on fixation_denormed
Running NuSVC on fixation_normalized
Running NuSVC on whole_trial_denormed
Running NuSVC on whole_trial_normalized
Running NuSVC on base
Running NuSVC on halfnfft
Running NuSVC on halfoverlap_halfnfft
Running NuSVC on halfoverlap
Running NuSVC on nooverlap_halfnfft
Running NuSVC on nooverlap
Running RandomForestClassifier on raw
Running RandomForestClassifier on fixation_denormed
Running RandomForestClassifier on fixation_normalized
Running RandomForestClassifier on whole_trial_denormed
Running RandomForestClassifier on whole_trial_normalized
Running RandomForestClassifier on base
Running RandomForestClassifier on halfnfft
Running RandomForestClassifier on halfoverlap_halfnfft
Running RandomForestClassifier on halfoverlap
Running RandomForestClassifier on nooverlap_halfnfft
Running RandomForestClassifier on nooverlap
Running RandomForestClassifier_1000trees on raw
Running RandomForestClassifier_1000trees on fixation_denormed
Running RandomForestClassifier_1000trees on fixation_normalized
Running RandomForestClassifier_1000trees on whole_trial_denormed
Running RandomForestClassifier_1000trees on whole_trial_normalized
Running RandomForestClassifier_1000trees on base
Running RandomForestClassifier_1000trees on halfnfft
Running RandomForestClassifier_1000trees on halfoverlap_halfnfft
Running RandomForestClassifier_1000trees on halfoverlap
Running RandomForestClassifier_1000trees on nooverlap_halfnfft
Running RandomForestClassifier_1000trees on nooverlap
Running DecisionTreeClassifier on raw
Running DecisionTreeClassifier on fixation_denormed
Running DecisionTreeClassifier on fixation_normalized
Running DecisionTreeClassifier on whole_trial_denormed
Running DecisionTreeClassifier on whole_trial_normalized
Running DecisionTreeClassifier on base
Running DecisionTreeClassifier on halfnfft
Running DecisionTreeClassifier on halfoverlap_halfnfft
Running DecisionTreeClassifier on halfoverlap
Running DecisionTreeClassifier on nooverlap_halfnfft
Running DecisionTreeClassifier on nooverlap
Running KNeighborsClassifier on raw
Running KNeighborsClassifier on fixation_denormed
Running KNeighborsClassifier on fixation_normalized
Running KNeighborsClassifier on whole_trial_denormed
Running KNeighborsClassifier on whole_trial_normalized
Running KNeighborsClassifier on base
Running KNeighborsClassifier on halfnfft
Running KNeighborsClassifier on halfoverlap_halfnfft
Running KNeighborsClassifier on halfoverlap
Running KNeighborsClassifier on nooverlap_halfnfft
Running KNeighborsClassifier on nooverlap
Running GradientBoostingClassifier on raw
Running GradientBoostingClassifier on fixation_denormed
Running GradientBoostingClassifier on fixation_normalized
Running GradientBoostingClassifier on whole_trial_denormed
Running GradientBoostingClassifier on whole_trial_normalized
Running GradientBoostingClassifier on base
Running GradientBoostingClassifier on halfnfft
Running GradientBoostingClassifier on halfoverlap_halfnfft
Running GradientBoostingClassifier on halfoverlap
Running GradientBoostingClassifier on nooverlap_halfnfft
Running GradientBoostingClassifier on nooverlap
Running GaussianMixture on raw
Running GaussianMixture on fixation_denormed
Running GaussianMixture on fixation_normalized
Running GaussianMixture on whole_trial_denormed
Running GaussianMixture on whole_trial_normalized
Running GaussianMixture on base
Running GaussianMixture on halfnfft
Running GaussianMixture on halfoverlap_halfnfft
Running GaussianMixture on halfoverlap
Running GaussianMixture on nooverlap_halfnfft
Running GaussianMixture on nooverlap
Running BayesianGaussianMixture on raw
Running BayesianGaussianMixture on fixation_denormed
Running BayesianGaussianMixture on fixation_normalized
Running BayesianGaussianMixture on whole_trial_denormed
Running BayesianGaussianMixture on whole_trial_normalized
Running BayesianGaussianMixture on base
Running BayesianGaussianMixture on halfnfft
Running BayesianGaussianMixture on halfoverlap_halfnfft
Running BayesianGaussianMixture on halfoverlap
Running BayesianGaussianMixture on nooverlap_halfnfft
Running BayesianGaussianMixture on nooverlap
Running ElasticNet on raw
Running ElasticNet on fixation_denormed
Running ElasticNet on fixation_normalized
Running ElasticNet on whole_trial_denormed
Running ElasticNet on whole_trial_normalized
Running ElasticNet on base
Running ElasticNet on halfnfft
Running ElasticNet on halfoverlap_halfnfft
Running ElasticNet on halfoverlap
Running ElasticNet on nooverlap_halfnfft
Running ElasticNet on nooverlap
Running MLP32 on raw
Running MLP32 on fixation_denormed
Running MLP32 on fixation_normalized
Running MLP32 on whole_trial_denormed
Running MLP32 on whole_trial_normalized
Running MLP32 on base
Running MLP32 on halfnfft
Running MLP32 on halfoverlap_halfnfft
Running MLP32 on halfoverlap
Running MLP32 on nooverlap_halfnfft
Running MLP32 on nooverlap
Running MLP64 on raw
Running MLP64 on fixation_denormed
Running MLP64 on fixation_normalized
Running MLP64 on whole_trial_denormed
Running MLP64 on whole_trial_normalized
Running MLP64 on base
Running MLP64 on halfnfft
Running MLP64 on halfoverlap_halfnfft
Running MLP64 on halfoverlap
Running MLP64 on nooverlap_halfnfft
Running MLP64 on nooverlap
Running MLP128 on raw
Running MLP128 on fixation_denormed
Running MLP128 on fixation_normalized
Running MLP128 on whole_trial_denormed
Running MLP128 on whole_trial_normalized
Running MLP128 on base
Running MLP128 on halfnfft
Running MLP128 on halfoverlap_halfnfft
Running MLP128 on halfoverlap
Running MLP128 on nooverlap_halfnfft
Running MLP128 on nooverlap
Running MLP256 on raw
Running MLP256 on fixation_denormed
Running MLP256 on fixation_normalized
Running MLP256 on whole_trial_denormed
Running MLP256 on whole_trial_normalized
Running MLP256 on base
Running MLP256 on halfnfft
Running MLP256 on halfoverlap_halfnfft
Running MLP256 on halfoverlap
Running MLP256 on nooverlap_halfnfft
Running MLP256 on nooverlap
Running MLP512 on raw
Running MLP512 on fixation_denormed
Running MLP512 on fixation_normalized
Running MLP512 on whole_trial_denormed
Running MLP512 on whole_trial_normalized
Running MLP512 on base
Running MLP512 on halfnfft
Running MLP512 on halfoverlap_halfnfft
Running MLP512 on halfoverlap
Running MLP512 on nooverlap_halfnfft
Running MLP512 on nooverlap
Running MLP128-128 on raw
Running MLP128-128 on fixation_denormed
Running MLP128-128 on fixation_normalized
Running MLP128-128 on whole_trial_denormed
Running MLP128-128 on whole_trial_normalized
Running MLP128-128 on base
Running MLP128-128 on halfnfft
Running MLP128-128 on halfoverlap_halfnfft
Running MLP128-128 on halfoverlap
Running MLP128-128 on nooverlap_halfnfft
Running MLP128-128 on nooverlap
            model_name  ... balanced_accuracy
0     LinearRegression  ...          0.437500
1     LinearRegression  ...          0.437500
2     LinearRegression  ...          0.437500
3     LinearRegression  ...          0.437500
4     LinearRegression  ...          0.437500
...                ...  ...               ...
1040        MLP128-128  ...          0.616071
1041        MLP128-128  ...          0.616071
1042        MLP128-128  ...          0.616071
1043        MLP128-128  ...          0.616071
1044        MLP128-128  ...          0.616071

[1045 rows x 6 columns]
